<?xml version="1.0" encoding="UTF-8"?>
<!-- Generated by org.testng.reporters.JUnitReportReporter -->
<testsuite hostname="YG-LT-031" failures="0" tests="3" name="testcases.LoginTestProvider" time="1.148" errors="0" timestamp="1 Sep 2021 09:38:15 GMT">
  <testcase classname="testcases.LoginTestProvider" name="test" time="0.444"/>
  <testcase classname="testcases.LoginTestProvider" name="test" time="0.358"/>
  <testcase classname="testcases.LoginTestProvider" name="test" time="0.346"/>
</testsuite> <!-- testcases.LoginTestProvider -->
