<?xml version="1.0" encoding="UTF-8"?>
<!-- Generated by org.testng.reporters.JUnitReportReporter -->
<testsuite hostname="YG-LT-031" failures="0" tests="3" name="testcases.LoginTestSeeker" time="1.865" errors="0" timestamp="1 Sep 2021 09:38:15 GMT">
  <testcase classname="testcases.LoginTestSeeker" name="test" time="0.793"/>
  <testcase classname="testcases.LoginTestSeeker" name="test" time="0.554"/>
  <testcase classname="testcases.LoginTestSeeker" name="test" time="0.518"/>
</testsuite> <!-- testcases.LoginTestSeeker -->
